This is pdfTeX, Version 3.141592653-2.6-1.40.24 (TeX Live 2022) (preloaded format=pdflatex 2022.6.1)  2 JUN 2022 16:54
entering extended mode
 restricted \write18 enabled.
 file:line:error style messages enabled.
 %&-line parsing enabled.
**"/mnt/f/Coding_Learner_Notes/How to open a linux shell in Total Commander.tex"
(/mnt/f/Coding_Learner_Notes/How to open a linux shell in Total Commander.tex
LaTeX2e <2021-11-15> patch level 1
L3 programming layer <2022-05-30> (/home/xuh33/xh_lt/texmf-dist/tex/latex/base/article.cls
Document Class: article 2021/10/04 v1.4n Standard LaTeX document class
(/home/xuh33/xh_lt/texmf-dist/tex/latex/base/size10.clo
File: size10.clo 2021/10/04 v1.4n Standard LaTeX file (size option)
)
\c@part=\count185
\c@section=\count186
\c@subsection=\count187
\c@subsubsection=\count188
\c@paragraph=\count189
\c@subparagraph=\count190
\c@figure=\count191
\c@table=\count192
\abovecaptionskip=\skip47
\belowcaptionskip=\skip48
\bibindent=\dimen138
) (/home/xuh33/xh_lt/texmf-dist/tex/latex/geometry/geometry.sty
Package: geometry 2020/01/02 v5.9 Page Geometry
 (/home/xuh33/xh_lt/texmf-dist/tex/latex/graphics/keyval.sty
Package: keyval 2014/10/28 v1.15 key=value parser (DPC)
\KV@toks@=\toks16
) (/home/xuh33/xh_lt/texmf-dist/tex/generic/iftex/ifvtex.sty
Package: ifvtex 2019/10/25 v1.7 ifvtex legacy package. Use iftex instead.
 (/home/xuh33/xh_lt/texmf-dist/tex/generic/iftex/iftex.sty
Package: iftex 2022/02/03 v1.0f TeX engine tests
))
\Gm@cnth=\count193
\Gm@cntv=\count194
\c@Gm@tempcnt=\count195
\Gm@bindingoffset=\dimen139
\Gm@wd@mp=\dimen140
\Gm@odd@mp=\dimen141
\Gm@even@mp=\dimen142
\Gm@layoutwidth=\dimen143
\Gm@layoutheight=\dimen144
\Gm@layouthoffset=\dimen145
\Gm@layoutvoffset=\dimen146
\Gm@dimlist=\toks17
) (/home/xuh33/xh_lt/texmf-dist/tex/latex/caption/subcaption.sty
Package: subcaption 2022/01/07 v1.5 Sub-captions (AR)
 (/home/xuh33/xh_lt/texmf-dist/tex/latex/caption/caption.sty
Package: caption 2022/03/01 v3.6b Customizing captions (AR)
 (/home/xuh33/xh_lt/texmf-dist/tex/latex/caption/caption3.sty
Package: caption3 2022/03/17 v2.3b caption3 kernel (AR)
\caption@tempdima=\dimen147
\captionmargin=\dimen148
\caption@leftmargin=\dimen149
\caption@rightmargin=\dimen150
\caption@width=\dimen151
\caption@indent=\dimen152
\caption@parindent=\dimen153
\caption@hangindent=\dimen154
Package caption Info: Standard document class detected.
)
\c@caption@flags=\count196
\c@continuedfloat=\count197
)
\c@subfigure=\count198
\c@subtable=\count199
) (/home/xuh33/xh_lt/texmf-dist/tex/latex/graphbox/graphbox.sty
Package: graphbox 2018/01/17 v1.1 extension for graphicx to adjust containing box
 (/home/xuh33/xh_lt/texmf-dist/tex/latex/graphics/graphicx.sty
Package: graphicx 2021/09/16 v1.2d Enhanced LaTeX Graphics (DPC,SPQR)
 (/home/xuh33/xh_lt/texmf-dist/tex/latex/graphics/graphics.sty
Package: graphics 2021/03/04 v1.4d Standard LaTeX Graphics (DPC,SPQR)
 (/home/xuh33/xh_lt/texmf-dist/tex/latex/graphics/trig.sty
Package: trig 2021/08/11 v1.11 sin cos tan (DPC)
) (/home/xuh33/xh_lt/texmf-dist/tex/latex/graphics-cfg/graphics.cfg
File: graphics.cfg 2016/06/04 v1.11 sample graphics configuration
)
Package graphics Info: Driver file: pdftex.def on input line 107.
 (/home/xuh33/xh_lt/texmf-dist/tex/latex/graphics-def/pdftex.def
File: pdftex.def 2020/10/05 v1.2a Graphics/color driver for pdftex
))
\Gin@req@height=\dimen155
\Gin@req@width=\dimen156
)
\Gin@box@box=\box50
\Gin@box@width=\skip49
\Gin@box@height=\skip50
\Gin@box@raise=\skip51
\Gin@box@hspace=\skip52
\Gin@box@bwidth=\skip53
\Gin@box@bheight=\skip54
) (/home/xuh33/xh_lt/texmf-dist/tex/latex/l3backend/l3backend-pdftex.def
File: l3backend-pdftex.def 2022-04-20 L3 backend support: PDF output (pdfTeX)
\l__color_backend_stack_int=\count266
\l__pdf_internal_box=\box51
) (./How to open a linux shell in Total Commander.aux

LaTeX Warning: Label `open_linux_shell' multiply defined.

)
\openout1 = `"How to open a linux shell in Total Commander.aux"'.

LaTeX Font Info:    Checking defaults for OML/cmm/m/it on input line 7.
LaTeX Font Info:    ... okay on input line 7.
LaTeX Font Info:    Checking defaults for OMS/cmsy/m/n on input line 7.
LaTeX Font Info:    ... okay on input line 7.
LaTeX Font Info:    Checking defaults for OT1/cmr/m/n on input line 7.
LaTeX Font Info:    ... okay on input line 7.
LaTeX Font Info:    Checking defaults for T1/cmr/m/n on input line 7.
LaTeX Font Info:    ... okay on input line 7.
LaTeX Font Info:    Checking defaults for TS1/cmr/m/n on input line 7.
LaTeX Font Info:    ... okay on input line 7.
LaTeX Font Info:    Checking defaults for OMX/cmex/m/n on input line 7.
LaTeX Font Info:    ... okay on input line 7.
LaTeX Font Info:    Checking defaults for U/cmr/m/n on input line 7.
LaTeX Font Info:    ... okay on input line 7.

*geometry* driver: auto-detecting
*geometry* detected driver: pdftex
*geometry* verbose mode - [ preamble ] result:
* driver: pdftex
* paper: a4paper
* layout: <same size as paper>
* layoutoffset:(h,v)=(0.0pt,0.0pt)
* modes: 
* h-part:(L,W,R)=(85.35826pt, 426.79134pt, 85.35828pt)
* v-part:(T,H,B)=(71.13188pt, 702.78308pt, 71.13188pt)
* \paperwidth=597.50787pt
* \paperheight=845.04684pt
* \textwidth=426.79134pt
* \textheight=702.78308pt
* \oddsidemargin=13.08827pt
* \evensidemargin=13.08827pt
* \topmargin=-38.1381pt
* \headheight=12.0pt
* \headsep=25.0pt
* \topskip=10.0pt
* \footskip=30.0pt
* \marginparwidth=65.0pt
* \marginparsep=11.0pt
* \columnsep=10.0pt
* \skip\footins=9.0pt plus 4.0pt minus 2.0pt
* \hoffset=0.0pt
* \voffset=0.0pt
* \mag=1000
* \@twocolumnfalse
* \@twosidefalse
* \@mparswitchfalse
* \@reversemarginfalse
* (1in=72.27pt=25.4mm, 1cm=28.453pt)

Package caption Info: Begin \AtBeginDocument code.
Package caption Info: End \AtBeginDocument code.
(/home/xuh33/xh_lt/texmf-dist/tex/context/base/mkii/supp-pdf.mkii
[Loading MPS to PDF converter (version 2006.09.02).]
\scratchcounter=\count267
\scratchdimen=\dimen157
\scratchbox=\box52
\nofMPsegments=\count268
\nofMParguments=\count269
\everyMPshowfont=\toks18
\MPscratchCnt=\count270
\MPscratchDim=\dimen158
\MPnumerator=\count271
\makeMPintoPDFobject=\count272
\everyMPtoPDFconversion=\toks19
) (/home/xuh33/xh_lt/texmf-dist/tex/latex/epstopdf-pkg/epstopdf-base.sty
Package: epstopdf-base 2020-01-24 v2.11 Base part for package epstopdf
Package epstopdf-base Info: Redefining graphics rule for `.eps' on input line 485.
 (/home/xuh33/xh_lt/texmf-dist/tex/latex/latexconfig/epstopdf-sys.cfg
File: epstopdf-sys.cfg 2010/07/13 v1.3 Configuration of (r)epstopdf for TeX Live
))
</mnt/f/Screenshots/locate_wsl_directory.png, id=1, 447.92343pt x 91.84312pt>
File: /mnt/f/Screenshots/locate_wsl_directory.png Graphic file (type png)
<use /mnt/f/Screenshots/locate_wsl_directory.png>
Package pdftex.def Info: /mnt/f/Screenshots/locate_wsl_directory.png  used on input line 47.
(pdftex.def)             Requested size: 170.71393pt x 35.00304pt.
</mnt/f/Screenshots/type_bash.png, id=3, 510.40688pt x 37.64063pt>
File: /mnt/f/Screenshots/type_bash.png Graphic file (type png)
<use /mnt/f/Screenshots/type_bash.png>
Package pdftex.def Info: /mnt/f/Screenshots/type_bash.png  used on input line 51.
(pdftex.def)             Requested size: 213.39566pt x 15.73715pt.
</mnt/f/Screenshots/linux_shell.png, id=4, 331.99031pt x 76.03406pt>
File: /mnt/f/Screenshots/linux_shell.png Graphic file (type png)
<use /mnt/f/Screenshots/linux_shell.png>
Package pdftex.def Info: /mnt/f/Screenshots/linux_shell.png  used on input line 56.
(pdftex.def)             Requested size: 99.59785pt x 22.81038pt.
</mnt/f/Screenshots/type_code.png, id=5, 281.55188pt x 50.43843pt>
File: /mnt/f/Screenshots/type_code.png Graphic file (type png)
<use /mnt/f/Screenshots/type_code.png>
Package pdftex.def Info: /mnt/f/Screenshots/type_code.png  used on input line 67.
(pdftex.def)             Requested size: 204.85802pt x 36.69968pt.
</mnt/f/Screenshots/vsCode.png, id=6, 525.46312pt x 105.39375pt>
File: /mnt/f/Screenshots/vsCode.png Graphic file (type png)
<use /mnt/f/Screenshots/vsCode.png>
Package pdftex.def Info: /mnt/f/Screenshots/vsCode.png  used on input line 71.
(pdftex.def)             Requested size: 183.51714pt x 36.80794pt.
 [1

{/home/xuh33/xh_lt/texmf-var/fonts/map/pdftex/updmap/pdftex.map} </mnt/f/Screenshots/locate_wsl_directory.png> </mnt/f/Screenshots/type_bash.png> </mnt/f/Screenshots/linux_shell.png> </mnt/f/Screenshots/type_code.png> </mnt/f/Screenshots/vsCode.png>] (./How to open a linux shell in Total Commander.aux)

LaTeX Warning: There were multiply-defined labels.

 ) 
Here is how much of TeX's memory you used:
 3401 strings out of 478293
 61238 string characters out of 5847968
 357144 words of memory out of 5000000
 21596 multiletter control sequences out of 15000+600000
 470845 words of font info for 33 fonts, out of 8000000 for 9000
 1141 hyphenation exceptions out of 8191
 70i,10n,77p,465b,470s stack positions out of 10000i,1000n,20000p,200000b,200000s
{/home/xuh33/xh_lt/texmf-dist/fonts/enc/dvips/cm-super/cm-super-ts1.enc}</home/xuh33/xh_lt/texmf-dist/fonts/type1/public/amsfonts/cm/cmbx10.pfb></home/xuh33/xh_lt/texmf-dist/fonts/type1/public/amsfonts/cm/cmbx12.pfb></home/xuh33/xh_lt/texmf-dist/fonts/type1/public/amsfonts/cm/cmr10.pfb></home/xuh33/xh_lt/texmf-dist/fonts/type1/public/amsfonts/cm/cmr9.pfb></home/xuh33/xh_lt/texmf-dist/fonts/type1/public/cm-super/sfrm0900.pfb></home/xuh33/xh_lt/texmf-dist/fonts/type1/public/cm-super/sfrm1000.pfb>
Output written on "How to open a linux shell in Total Commander.pdf" (1 page, 103445 bytes).
PDF statistics:
 50 PDF objects out of 1000 (max. 8388607)
 24 compressed objects within 1 object stream
 0 named destinations out of 1000 (max. 500000)
 26 words of extra memory for PDF output out of 10000 (max. 10000000)

